
*** Running vivado
    with args -log fir.vds -m64 -product Vivado -mode batch -messageDb vivado.pb -notrace -source fir.tcl


****** Vivado v2022.1 (64-bit)
  **** SW Build 3526262 on Mon Apr 18 15:47:01 MDT 2022
  **** IP Build 3524634 on Mon Apr 18 20:55:01 MDT 2022
    ** Copyright 1986-2022 Xilinx, Inc. All Rights Reserved.

source fir.tcl -notrace
Command: synth_design -top fir -part xc7z020clg400-1
Starting synth_design
Attempting to get a license for feature 'Synthesis' and/or device 'xc7z020'
INFO: [Common 17-349] Got license for feature 'Synthesis' and/or device 'xc7z020'
INFO: [Device 21-403] Loading part xc7z020clg400-1
INFO: [Synth 8-7079] Multithreading enabled for synth_design using a maximum of 4 processes.
INFO: [Synth 8-7078] Launching helper process for spawning children vivado processes
INFO: [Synth 8-7075] Helper process launched with PID 582972
---------------------------------------------------------------------------------
Starting RTL Elaboration : Time (s): cpu = 00:00:03 ; elapsed = 00:00:04 . Memory (MB): peak = 2897.141 ; gain = 0.000 ; free physical = 361 ; free virtual = 4488
---------------------------------------------------------------------------------
INFO: [Synth 8-6157] synthesizing module 'fir' [/home/ubuntu/workspace/SOC_lab/lab/lab3_fir/lab-fir/fir/rtl/fir.v:4]
INFO: [Synth 8-6155] done synthesizing module 'fir' (0#1) [/home/ubuntu/workspace/SOC_lab/lab/lab3_fir/lab-fir/fir/rtl/fir.v:4]
WARNING: [Synth 8-3917] design fir has port awready driven by constant 1
WARNING: [Synth 8-3917] design fir has port wready driven by constant 1
WARNING: [Synth 8-3917] design fir has port tap_EN driven by constant 1
WARNING: [Synth 8-3917] design fir has port tap_A[11] driven by constant 0
WARNING: [Synth 8-3917] design fir has port tap_A[10] driven by constant 0
WARNING: [Synth 8-3917] design fir has port tap_A[9] driven by constant 0
WARNING: [Synth 8-3917] design fir has port tap_A[8] driven by constant 0
WARNING: [Synth 8-3917] design fir has port tap_A[7] driven by constant 0
WARNING: [Synth 8-3917] design fir has port data_A[11] driven by constant 0
WARNING: [Synth 8-3917] design fir has port data_A[10] driven by constant 0
WARNING: [Synth 8-3917] design fir has port data_A[9] driven by constant 0
WARNING: [Synth 8-3917] design fir has port data_A[8] driven by constant 0
WARNING: [Synth 8-3917] design fir has port data_A[7] driven by constant 0
WARNING: [Synth 8-7129] Port rready in module fir is either unconnected or has no load
WARNING: [Synth 8-7129] Port araddr[11] in module fir is either unconnected or has no load
WARNING: [Synth 8-7129] Port araddr[10] in module fir is either unconnected or has no load
WARNING: [Synth 8-7129] Port araddr[9] in module fir is either unconnected or has no load
WARNING: [Synth 8-7129] Port araddr[8] in module fir is either unconnected or has no load
WARNING: [Synth 8-7129] Port ss_tlast in module fir is either unconnected or has no load
WARNING: [Synth 8-7129] Port sm_tready in module fir is either unconnected or has no load
---------------------------------------------------------------------------------
Finished RTL Elaboration : Time (s): cpu = 00:00:05 ; elapsed = 00:00:05 . Memory (MB): peak = 2897.141 ; gain = 0.000 ; free physical = 1409 ; free virtual = 5547
---------------------------------------------------------------------------------
---------------------------------------------------------------------------------
Start Handling Custom Attributes
---------------------------------------------------------------------------------
---------------------------------------------------------------------------------
Finished Handling Custom Attributes : Time (s): cpu = 00:00:05 ; elapsed = 00:00:05 . Memory (MB): peak = 2897.141 ; gain = 0.000 ; free physical = 1409 ; free virtual = 5548
---------------------------------------------------------------------------------
---------------------------------------------------------------------------------
Finished RTL Optimization Phase 1 : Time (s): cpu = 00:00:05 ; elapsed = 00:00:05 . Memory (MB): peak = 2897.141 ; gain = 0.000 ; free physical = 1409 ; free virtual = 5548
---------------------------------------------------------------------------------
Netlist sorting complete. Time (s): cpu = 00:00:00.01 ; elapsed = 00:00:00 . Memory (MB): peak = 2897.141 ; gain = 0.000 ; free physical = 1409 ; free virtual = 5548
INFO: [Project 1-570] Preparing netlist for logic optimization

Processing XDC Constraints
Initializing timing engine
Parsing XDC File [/home/ubuntu/workspace/SOC_lab/lab/lab3_fir/lab3_fir.srcs/constrs_1/new/constraints.xdc]
Finished Parsing XDC File [/home/ubuntu/workspace/SOC_lab/lab/lab3_fir/lab3_fir.srcs/constrs_1/new/constraints.xdc]
Completed Processing XDC Constraints

Netlist sorting complete. Time (s): cpu = 00:00:00 ; elapsed = 00:00:00 . Memory (MB): peak = 2929.156 ; gain = 0.000 ; free physical = 1308 ; free virtual = 5462
INFO: [Project 1-111] Unisim Transformation Summary:
No Unisim elements were transformed.

Constraint Validation Runtime : Time (s): cpu = 00:00:00.01 ; elapsed = 00:00:00.01 . Memory (MB): peak = 2929.156 ; gain = 0.000 ; free physical = 1308 ; free virtual = 5462
---------------------------------------------------------------------------------
Finished Constraint Validation : Time (s): cpu = 00:00:10 ; elapsed = 00:00:12 . Memory (MB): peak = 2929.156 ; gain = 32.016 ; free physical = 1382 ; free virtual = 5536
---------------------------------------------------------------------------------
---------------------------------------------------------------------------------
Start Loading Part and Timing Information
---------------------------------------------------------------------------------
Loading part: xc7z020clg400-1
---------------------------------------------------------------------------------
Finished Loading Part and Timing Information : Time (s): cpu = 00:00:10 ; elapsed = 00:00:12 . Memory (MB): peak = 2929.156 ; gain = 32.016 ; free physical = 1382 ; free virtual = 5536
---------------------------------------------------------------------------------
---------------------------------------------------------------------------------
Start Applying 'set_property' XDC Constraints
---------------------------------------------------------------------------------
---------------------------------------------------------------------------------
Finished applying 'set_property' XDC Constraints : Time (s): cpu = 00:00:10 ; elapsed = 00:00:12 . Memory (MB): peak = 2929.156 ; gain = 32.016 ; free physical = 1382 ; free virtual = 5536
---------------------------------------------------------------------------------
INFO: [Synth 8-802] inferred FSM for state register 'ap_current_state_reg' in module 'fir'
---------------------------------------------------------------------------------------------------
                   State |                     New Encoding |                Previous Encoding 
---------------------------------------------------------------------------------------------------
                 iSTATE0 |                               00 |                               00
                 iSTATE1 |                               01 |                               10
                  iSTATE |                               10 |                               01
---------------------------------------------------------------------------------------------------
INFO: [Synth 8-3354] encoded FSM with state register 'ap_current_state_reg' using encoding 'sequential' in module 'fir'
---------------------------------------------------------------------------------
Finished RTL Optimization Phase 2 : Time (s): cpu = 00:00:11 ; elapsed = 00:00:12 . Memory (MB): peak = 2929.156 ; gain = 32.016 ; free physical = 1369 ; free virtual = 5527
---------------------------------------------------------------------------------
---------------------------------------------------------------------------------
Start RTL Component Statistics 
---------------------------------------------------------------------------------
Detailed RTL Component Info : 
+---Adders : 
	   2 Input   32 Bit       Adders := 1     
	   2 Input   10 Bit       Adders := 2     
	   2 Input    6 Bit       Adders := 1     
	   3 Input    6 Bit       Adders := 1     
	   2 Input    5 Bit       Adders := 2     
	   2 Input    4 Bit       Adders := 2     
+---Registers : 
	               32 Bit    Registers := 5     
	               10 Bit    Registers := 2     
	                6 Bit    Registers := 1     
	                5 Bit    Registers := 1     
	                4 Bit    Registers := 2     
	                1 Bit    Registers := 2     
+---Multipliers : 
	              32x32  Multipliers := 1     
+---Muxes : 
	   2 Input   32 Bit        Muxes := 3     
	   2 Input    6 Bit        Muxes := 3     
	   2 Input    5 Bit        Muxes := 2     
	   2 Input    4 Bit        Muxes := 2     
	   2 Input    3 Bit        Muxes := 2     
	   3 Input    3 Bit        Muxes := 1     
	   3 Input    2 Bit        Muxes := 1     
	   2 Input    2 Bit        Muxes := 3     
	   2 Input    1 Bit        Muxes := 9     
---------------------------------------------------------------------------------
Finished RTL Component Statistics 
---------------------------------------------------------------------------------
---------------------------------------------------------------------------------
Start Part Resource Summary
---------------------------------------------------------------------------------
Part Resources:
DSPs: 220 (col length:60)
BRAMs: 280 (col length: RAMB18 60 RAMB36 30)
---------------------------------------------------------------------------------
Finished Part Resource Summary
---------------------------------------------------------------------------------
---------------------------------------------------------------------------------
Start Cross Boundary and Area Optimization
---------------------------------------------------------------------------------
WARNING: [Synth 8-7080] Parallel synthesis criteria is not met
DSP Report: Generating DSP mult_tmp, operation Mode is: A2*B.
DSP Report: register mult_tmp is absorbed into DSP mult_tmp.
DSP Report: operator mult_tmp is absorbed into DSP mult_tmp.
DSP Report: operator mult_tmp is absorbed into DSP mult_tmp.
DSP Report: Generating DSP mult_reg, operation Mode is: (PCIN>>17)+A*B2.
DSP Report: register x_reg is absorbed into DSP mult_reg.
DSP Report: register mult_reg is absorbed into DSP mult_reg.
DSP Report: operator mult_tmp is absorbed into DSP mult_reg.
DSP Report: operator mult_tmp is absorbed into DSP mult_reg.
DSP Report: Generating DSP mult_tmp, operation Mode is: A2*B2.
DSP Report: register mult_tmp is absorbed into DSP mult_tmp.
DSP Report: register mult_tmp is absorbed into DSP mult_tmp.
DSP Report: operator mult_tmp is absorbed into DSP mult_tmp.
DSP Report: operator mult_tmp is absorbed into DSP mult_tmp.
DSP Report: Generating DSP mult_reg, operation Mode is: (PCIN>>17)+A2*B2.
DSP Report: register x_reg is absorbed into DSP mult_reg.
DSP Report: register mult_reg is absorbed into DSP mult_reg.
DSP Report: register mult_reg is absorbed into DSP mult_reg.
DSP Report: operator mult_tmp is absorbed into DSP mult_reg.
DSP Report: operator mult_tmp is absorbed into DSP mult_reg.
WARNING: [Synth 8-3917] design fir has port awready driven by constant 1
WARNING: [Synth 8-3917] design fir has port wready driven by constant 1
WARNING: [Synth 8-3917] design fir has port tap_EN driven by constant 1
WARNING: [Synth 8-3917] design fir has port tap_A[11] driven by constant 0
WARNING: [Synth 8-3917] design fir has port tap_A[10] driven by constant 0
WARNING: [Synth 8-3917] design fir has port tap_A[9] driven by constant 0
WARNING: [Synth 8-3917] design fir has port tap_A[8] driven by constant 0
WARNING: [Synth 8-3917] design fir has port tap_A[7] driven by constant 0
WARNING: [Synth 8-3917] design fir has port tap_A[6] driven by constant 0
WARNING: [Synth 8-3917] design fir has port data_A[11] driven by constant 0
WARNING: [Synth 8-3917] design fir has port data_A[10] driven by constant 0
WARNING: [Synth 8-3917] design fir has port data_A[9] driven by constant 0
WARNING: [Synth 8-3917] design fir has port data_A[8] driven by constant 0
WARNING: [Synth 8-3917] design fir has port data_A[7] driven by constant 0
WARNING: [Synth 8-3917] design fir has port data_A[6] driven by constant 0
WARNING: [Synth 8-7129] Port rready in module fir is either unconnected or has no load
WARNING: [Synth 8-7129] Port araddr[11] in module fir is either unconnected or has no load
WARNING: [Synth 8-7129] Port araddr[10] in module fir is either unconnected or has no load
WARNING: [Synth 8-7129] Port araddr[9] in module fir is either unconnected or has no load
WARNING: [Synth 8-7129] Port araddr[8] in module fir is either unconnected or has no load
WARNING: [Synth 8-7129] Port ss_tlast in module fir is either unconnected or has no load
WARNING: [Synth 8-7129] Port sm_tready in module fir is either unconnected or has no load
WARNING: [Synth 8-3332] Sequential element (mult_reg[47]) is unused and will be removed from module fir.
WARNING: [Synth 8-3332] Sequential element (mult_reg[46]) is unused and will be removed from module fir.
WARNING: [Synth 8-3332] Sequential element (mult_reg[45]) is unused and will be removed from module fir.
WARNING: [Synth 8-3332] Sequential element (mult_reg[44]) is unused and will be removed from module fir.
WARNING: [Synth 8-3332] Sequential element (mult_reg[43]) is unused and will be removed from module fir.
WARNING: [Synth 8-3332] Sequential element (mult_reg[42]) is unused and will be removed from module fir.
WARNING: [Synth 8-3332] Sequential element (mult_reg[41]) is unused and will be removed from module fir.
WARNING: [Synth 8-3332] Sequential element (mult_reg[40]) is unused and will be removed from module fir.
WARNING: [Synth 8-3332] Sequential element (mult_reg[39]) is unused and will be removed from module fir.
WARNING: [Synth 8-3332] Sequential element (mult_reg[38]) is unused and will be removed from module fir.
WARNING: [Synth 8-3332] Sequential element (mult_reg[37]) is unused and will be removed from module fir.
WARNING: [Synth 8-3332] Sequential element (mult_reg[36]) is unused and will be removed from module fir.
WARNING: [Synth 8-3332] Sequential element (mult_reg[35]) is unused and will be removed from module fir.
WARNING: [Synth 8-3332] Sequential element (mult_reg[34]) is unused and will be removed from module fir.
WARNING: [Synth 8-3332] Sequential element (mult_reg[33]) is unused and will be removed from module fir.
WARNING: [Synth 8-3332] Sequential element (mult_reg[32]) is unused and will be removed from module fir.
WARNING: [Synth 8-3332] Sequential element (mult_reg[31]) is unused and will be removed from module fir.
WARNING: [Synth 8-3332] Sequential element (mult_reg[30]) is unused and will be removed from module fir.
WARNING: [Synth 8-3332] Sequential element (mult_reg[29]) is unused and will be removed from module fir.
WARNING: [Synth 8-3332] Sequential element (mult_reg[28]) is unused and will be removed from module fir.
WARNING: [Synth 8-3332] Sequential element (mult_reg[27]) is unused and will be removed from module fir.
WARNING: [Synth 8-3332] Sequential element (mult_reg[26]) is unused and will be removed from module fir.
WARNING: [Synth 8-3332] Sequential element (mult_reg[25]) is unused and will be removed from module fir.
WARNING: [Synth 8-3332] Sequential element (mult_reg[24]) is unused and will be removed from module fir.
WARNING: [Synth 8-3332] Sequential element (mult_reg[23]) is unused and will be removed from module fir.
WARNING: [Synth 8-3332] Sequential element (mult_reg[22]) is unused and will be removed from module fir.
WARNING: [Synth 8-3332] Sequential element (mult_reg[21]) is unused and will be removed from module fir.
WARNING: [Synth 8-3332] Sequential element (mult_reg[20]) is unused and will be removed from module fir.
WARNING: [Synth 8-3332] Sequential element (mult_reg[19]) is unused and will be removed from module fir.
WARNING: [Synth 8-3332] Sequential element (mult_reg[18]) is unused and will be removed from module fir.
WARNING: [Synth 8-3332] Sequential element (mult_reg[17]) is unused and will be removed from module fir.
WARNING: [Synth 8-3332] Sequential element (mult_reg[16]) is unused and will be removed from module fir.
WARNING: [Synth 8-3332] Sequential element (mult_reg[15]) is unused and will be removed from module fir.
WARNING: [Synth 8-3332] Sequential element (mult_reg[47]__0) is unused and will be removed from module fir.
WARNING: [Synth 8-3332] Sequential element (mult_reg[46]__0) is unused and will be removed from module fir.
WARNING: [Synth 8-3332] Sequential element (mult_reg[45]__0) is unused and will be removed from module fir.
WARNING: [Synth 8-3332] Sequential element (mult_reg[44]__0) is unused and will be removed from module fir.
WARNING: [Synth 8-3332] Sequential element (mult_reg[43]__0) is unused and will be removed from module fir.
WARNING: [Synth 8-3332] Sequential element (mult_reg[42]__0) is unused and will be removed from module fir.
WARNING: [Synth 8-3332] Sequential element (mult_reg[41]__0) is unused and will be removed from module fir.
WARNING: [Synth 8-3332] Sequential element (mult_reg[40]__0) is unused and will be removed from module fir.
WARNING: [Synth 8-3332] Sequential element (mult_reg[39]__0) is unused and will be removed from module fir.
WARNING: [Synth 8-3332] Sequential element (mult_reg[38]__0) is unused and will be removed from module fir.
WARNING: [Synth 8-3332] Sequential element (mult_reg[37]__0) is unused and will be removed from module fir.
WARNING: [Synth 8-3332] Sequential element (mult_reg[36]__0) is unused and will be removed from module fir.
WARNING: [Synth 8-3332] Sequential element (mult_reg[35]__0) is unused and will be removed from module fir.
WARNING: [Synth 8-3332] Sequential element (mult_reg[34]__0) is unused and will be removed from module fir.
WARNING: [Synth 8-3332] Sequential element (mult_reg[33]__0) is unused and will be removed from module fir.
WARNING: [Synth 8-3332] Sequential element (mult_reg[32]__0) is unused and will be removed from module fir.
WARNING: [Synth 8-3332] Sequential element (mult_reg[31]__0) is unused and will be removed from module fir.
WARNING: [Synth 8-3332] Sequential element (mult_reg[30]__0) is unused and will be removed from module fir.
WARNING: [Synth 8-3332] Sequential element (mult_reg[29]__0) is unused and will be removed from module fir.
WARNING: [Synth 8-3332] Sequential element (mult_reg[28]__0) is unused and will be removed from module fir.
WARNING: [Synth 8-3332] Sequential element (mult_reg[27]__0) is unused and will be removed from module fir.
WARNING: [Synth 8-3332] Sequential element (mult_reg[26]__0) is unused and will be removed from module fir.
WARNING: [Synth 8-3332] Sequential element (mult_reg[25]__0) is unused and will be removed from module fir.
WARNING: [Synth 8-3332] Sequential element (mult_reg[24]__0) is unused and will be removed from module fir.
WARNING: [Synth 8-3332] Sequential element (mult_reg[23]__0) is unused and will be removed from module fir.
WARNING: [Synth 8-3332] Sequential element (mult_reg[22]__0) is unused and will be removed from module fir.
WARNING: [Synth 8-3332] Sequential element (mult_reg[21]__0) is unused and will be removed from module fir.
WARNING: [Synth 8-3332] Sequential element (mult_reg[20]__0) is unused and will be removed from module fir.
WARNING: [Synth 8-3332] Sequential element (mult_reg[19]__0) is unused and will be removed from module fir.
WARNING: [Synth 8-3332] Sequential element (mult_reg[18]__0) is unused and will be removed from module fir.
WARNING: [Synth 8-3332] Sequential element (mult_reg[17]__0) is unused and will be removed from module fir.
---------------------------------------------------------------------------------
Finished Cross Boundary and Area Optimization : Time (s): cpu = 00:00:13 ; elapsed = 00:00:14 . Memory (MB): peak = 2929.156 ; gain = 32.016 ; free physical = 1342 ; free virtual = 5509
---------------------------------------------------------------------------------
---------------------------------------------------------------------------------
Start ROM, RAM, DSP, Shift Register and Retiming Reporting
---------------------------------------------------------------------------------

DSP: Preliminary Mapping Report (see note below. The ' indicates corresponding REG is set)
+------------+------------------+--------+--------+--------+--------+--------+------+------+------+------+-------+------+------+
|Module Name | DSP Mapping      | A Size | B Size | C Size | D Size | P Size | AREG | BREG | CREG | DREG | ADREG | MREG | PREG | 
+------------+------------------+--------+--------+--------+--------+--------+------+------+------+------+-------+------+------+
|fir         | A2*B             | 18     | 16     | -      | -      | 48     | 1    | 0    | -    | -    | -     | 0    | 0    | 
|fir         | (PCIN>>17)+A*B2  | 16     | 16     | -      | -      | 48     | 0    | 1    | -    | -    | -     | 0    | 1    | 
|fir         | A2*B2            | 18     | 18     | -      | -      | 48     | 1    | 1    | -    | -    | -     | 0    | 0    | 
|fir         | (PCIN>>17)+A2*B2 | 18     | 16     | -      | -      | 48     | 1    | 1    | -    | -    | -     | 0    | 1    | 
+------------+------------------+--------+--------+--------+--------+--------+------+------+------+------+-------+------+------+

Note: The table above is a preliminary report that shows the DSPs inferred at the current stage of the synthesis flow. Some DSP may be reimplemented as non DSP primitives later in the synthesis flow. Multiple instantiated DSPs are reported only once.
---------------------------------------------------------------------------------
Finished ROM, RAM, DSP, Shift Register and Retiming Reporting
---------------------------------------------------------------------------------
---------------------------------------------------------------------------------
Start Applying XDC Timing Constraints
---------------------------------------------------------------------------------
---------------------------------------------------------------------------------
Finished Applying XDC Timing Constraints : Time (s): cpu = 00:00:18 ; elapsed = 00:00:20 . Memory (MB): peak = 2929.156 ; gain = 32.016 ; free physical = 1192 ; free virtual = 5366
---------------------------------------------------------------------------------
---------------------------------------------------------------------------------
Start Timing Optimization
---------------------------------------------------------------------------------
---------------------------------------------------------------------------------
Finished Timing Optimization : Time (s): cpu = 00:00:18 ; elapsed = 00:00:20 . Memory (MB): peak = 2929.156 ; gain = 32.016 ; free physical = 1191 ; free virtual = 5365
---------------------------------------------------------------------------------
---------------------------------------------------------------------------------
Start Technology Mapping
---------------------------------------------------------------------------------
---------------------------------------------------------------------------------
Finished Technology Mapping : Time (s): cpu = 00:00:18 ; elapsed = 00:00:20 . Memory (MB): peak = 2929.156 ; gain = 32.016 ; free physical = 1179 ; free virtual = 5353
---------------------------------------------------------------------------------
---------------------------------------------------------------------------------
Start IO Insertion
---------------------------------------------------------------------------------
---------------------------------------------------------------------------------
Start Flattening Before IO Insertion
---------------------------------------------------------------------------------
---------------------------------------------------------------------------------
Finished Flattening Before IO Insertion
---------------------------------------------------------------------------------
---------------------------------------------------------------------------------
Start Final Netlist Cleanup
---------------------------------------------------------------------------------
---------------------------------------------------------------------------------
Finished Final Netlist Cleanup
---------------------------------------------------------------------------------
---------------------------------------------------------------------------------
Finished IO Insertion : Time (s): cpu = 00:00:21 ; elapsed = 00:00:23 . Memory (MB): peak = 2929.156 ; gain = 32.016 ; free physical = 1178 ; free virtual = 5353
---------------------------------------------------------------------------------
---------------------------------------------------------------------------------
Start Renaming Generated Instances
---------------------------------------------------------------------------------
---------------------------------------------------------------------------------
Finished Renaming Generated Instances : Time (s): cpu = 00:00:21 ; elapsed = 00:00:23 . Memory (MB): peak = 2929.156 ; gain = 32.016 ; free physical = 1178 ; free virtual = 5353
---------------------------------------------------------------------------------
---------------------------------------------------------------------------------
Start Rebuilding User Hierarchy
---------------------------------------------------------------------------------
---------------------------------------------------------------------------------
Finished Rebuilding User Hierarchy : Time (s): cpu = 00:00:21 ; elapsed = 00:00:23 . Memory (MB): peak = 2929.156 ; gain = 32.016 ; free physical = 1178 ; free virtual = 5353
---------------------------------------------------------------------------------
---------------------------------------------------------------------------------
Start Renaming Generated Ports
---------------------------------------------------------------------------------
---------------------------------------------------------------------------------
Finished Renaming Generated Ports : Time (s): cpu = 00:00:21 ; elapsed = 00:00:23 . Memory (MB): peak = 2929.156 ; gain = 32.016 ; free physical = 1178 ; free virtual = 5353
---------------------------------------------------------------------------------
---------------------------------------------------------------------------------
Start Handling Custom Attributes
---------------------------------------------------------------------------------
---------------------------------------------------------------------------------
Finished Handling Custom Attributes : Time (s): cpu = 00:00:21 ; elapsed = 00:00:23 . Memory (MB): peak = 2929.156 ; gain = 32.016 ; free physical = 1178 ; free virtual = 5353
---------------------------------------------------------------------------------
---------------------------------------------------------------------------------
Start Renaming Generated Nets
---------------------------------------------------------------------------------
---------------------------------------------------------------------------------
Finished Renaming Generated Nets : Time (s): cpu = 00:00:21 ; elapsed = 00:00:23 . Memory (MB): peak = 2929.156 ; gain = 32.016 ; free physical = 1178 ; free virtual = 5353
---------------------------------------------------------------------------------
---------------------------------------------------------------------------------
Start Writing Synthesis Report
---------------------------------------------------------------------------------

DSP Final Report (the ' indicates corresponding REG is set)
+------------+-------------------+--------+--------+--------+--------+--------+------+------+------+------+-------+------+------+
|Module Name | DSP Mapping       | A Size | B Size | C Size | D Size | P Size | AREG | BREG | CREG | DREG | ADREG | MREG | PREG | 
+------------+-------------------+--------+--------+--------+--------+--------+------+------+------+------+-------+------+------+
|fir         | (A'*B')'          | 17     | 15     | -      | -      | 48     | 1    | 1    | -    | -    | -     | 0    | 1    | 
|fir         | A'*B'             | 17     | 17     | -      | -      | 48     | 1    | 1    | -    | -    | -     | 0    | 0    | 
|fir         | (PCIN>>17+A'*B')' | 17     | 15     | -      | -      | 48     | 1    | 1    | -    | -    | -     | 0    | 1    | 
+------------+-------------------+--------+--------+--------+--------+--------+------+------+------+------+-------+------+------+


Report BlackBoxes: 
+-+--------------+----------+
| |BlackBox name |Instances |
+-+--------------+----------+
+-+--------------+----------+

Report Cell Usage: 
+------+--------+------+
|      |Cell    |Count |
+------+--------+------+
|1     |BUFG    |     1|
|2     |CARRY4  |    14|
|3     |DSP48E1 |     3|
|5     |LUT1    |     3|
|6     |LUT2    |    51|
|7     |LUT3    |    42|
|8     |LUT4    |    18|
|9     |LUT5    |    20|
|10    |LUT6    |    64|
|11    |FDCE    |     3|
|12    |FDPE    |     2|
|13    |FDRE    |   111|
|14    |FDSE    |     6|
|15    |IBUF    |   154|
|16    |OBUF    |   169|
+------+--------+------+
---------------------------------------------------------------------------------
Finished Writing Synthesis Report : Time (s): cpu = 00:00:21 ; elapsed = 00:00:23 . Memory (MB): peak = 2929.156 ; gain = 32.016 ; free physical = 1178 ; free virtual = 5353
---------------------------------------------------------------------------------
Synthesis finished with 0 errors, 0 critical warnings and 87 warnings.
Synthesis Optimization Runtime : Time (s): cpu = 00:00:20 ; elapsed = 00:00:21 . Memory (MB): peak = 2929.156 ; gain = 0.000 ; free physical = 1250 ; free virtual = 5425
Synthesis Optimization Complete : Time (s): cpu = 00:00:21 ; elapsed = 00:00:23 . Memory (MB): peak = 2929.164 ; gain = 32.016 ; free physical = 1250 ; free virtual = 5425
INFO: [Project 1-571] Translating synthesized netlist
Netlist sorting complete. Time (s): cpu = 00:00:00 ; elapsed = 00:00:00 . Memory (MB): peak = 2929.164 ; gain = 0.000 ; free physical = 1343 ; free virtual = 5518
INFO: [Netlist 29-17] Analyzing 17 Unisim elements for replacement
INFO: [Netlist 29-28] Unisim Transformation completed in 0 CPU seconds
INFO: [Project 1-570] Preparing netlist for logic optimization
INFO: [Opt 31-138] Pushed 0 inverter(s) to 0 load pin(s).
Netlist sorting complete. Time (s): cpu = 00:00:00 ; elapsed = 00:00:00 . Memory (MB): peak = 2929.164 ; gain = 0.000 ; free physical = 1289 ; free virtual = 5464
INFO: [Project 1-111] Unisim Transformation Summary:
No Unisim elements were transformed.

Synth Design complete, checksum: f0b7f17
INFO: [Common 17-83] Releasing license: Synthesis
18 Infos, 107 Warnings, 0 Critical Warnings and 0 Errors encountered.
synth_design completed successfully
synth_design: Time (s): cpu = 00:00:29 ; elapsed = 00:00:28 . Memory (MB): peak = 2929.164 ; gain = 32.023 ; free physical = 1498 ; free virtual = 5673
INFO: [Common 17-1381] The checkpoint '/home/ubuntu/workspace/SOC_lab/lab/lab3_fir/lab3_fir.runs/synth_1/fir.dcp' has been generated.
INFO: [runtcl-4] Executing : report_utilization -file fir_utilization_synth.rpt -pb fir_utilization_synth.pb
INFO: [Common 17-206] Exiting Vivado at Sun Nov  5 22:04:09 2023...
